#-----------------------------------------------------------
# Vivado v2016.4 (64-bit)
# SW Build 1756540 on Mon Jan 23 19:11:23 MST 2017
# IP Build 1755317 on Mon Jan 23 20:30:07 MST 2017
# Start of session at: Sun Nov 05 09:20:59 2017
# Process ID: 10980
# Current directory: C:/EmbeddedSoftware/Beamforming/BeamForming
# Command line: vivado.exe -gui_launcher_event rodinguilauncherevent7748 C:\EmbeddedSoftware\Beamforming\BeamForming\BeamForming.xpr
# Log file: C:/EmbeddedSoftware/Beamforming/BeamForming/vivado.log
# Journal file: C:/EmbeddedSoftware/Beamforming/BeamForming\vivado.jou
#-----------------------------------------------------------
start_gui
open_project C:/EmbeddedSoftware/Beamforming/BeamForming/BeamForming.xpr
Scanning sources...
Finished scanning sources
INFO: [IP_Flow 19-234] Refreshing IP repositories
INFO: [IP_Flow 19-1704] No user IP repositories specified
INFO: [IP_Flow 19-2313] Loaded Vivado IP repository 'C:/Xilinx/Vivado/2016.4/data/ip'.
open_project: Time (s): cpu = 00:00:09 ; elapsed = 00:00:39 . Memory (MB): peak = 724.910 ; gain = 135.453
launch_simulation
INFO: [SIM-utils-51] Simulation object is 'sim_1'
INFO: [USF-XSim-37] Inspecting design source files for 'beamforming_control_tb' in fileset 'sim_1'...
INFO: [USF-XSim-97] Finding global include files...
INFO: [USF-XSim-98] Fetching design files from 'sim_1'...
INFO: [USF-XSim-2] XSim::Compile design
INFO: [USF-XSim-61] Executing 'COMPILE and ANALYZE' step in 'C:/EmbeddedSoftware/Beamforming/BeamForming/BeamForming.sim/sim_1/behav'
"xvhdl -m64 --relax -prj beamforming_control_tb_vhdl.prj"
INFO: [VRFC 10-163] Analyzing VHDL file "C:/EmbeddedSoftware/Beamforming/BeamForming/BeamForming.srcs/sources_1/new/beamforming_control.vhd" into library xil_defaultlib
INFO: [VRFC 10-307] analyzing entity beamforming_control
ERROR: [VRFC 10-1551] variable outside of subprogram or process must be 'shared' [C:/EmbeddedSoftware/Beamforming/BeamForming/BeamForming.srcs/sources_1/new/beamforming_control.vhd:54]
ERROR: [VRFC 10-408] cannot convert type integer to type unsigned [C:/EmbeddedSoftware/Beamforming/BeamForming/BeamForming.srcs/sources_1/new/beamforming_control.vhd:90]
ERROR: [VRFC 10-53] unsigned is illegal in an expression [C:/EmbeddedSoftware/Beamforming/BeamForming/BeamForming.srcs/sources_1/new/beamforming_control.vhd:90]
ERROR: [VRFC 10-1083] near std_logic_vector ; type conversion expression type cannot be determined uniquely [C:/EmbeddedSoftware/Beamforming/BeamForming/BeamForming.srcs/sources_1/new/beamforming_control.vhd:90]
ERROR: [VRFC 10-1504] unit behavioral ignored due to previous errors [C:/EmbeddedSoftware/Beamforming/BeamForming/BeamForming.srcs/sources_1/new/beamforming_control.vhd:52]
INFO: [VRFC 10-240] VHDL file C:/EmbeddedSoftware/Beamforming/BeamForming/BeamForming.srcs/sources_1/new/beamforming_control.vhd ignored due to errors
INFO: [VRFC 10-163] Analyzing VHDL file "C:/EmbeddedSoftware/Beamforming/BeamForming/BeamForming.srcs/sim_1/new/beamforming_control_tb.vhd" into library xil_defaultlib
INFO: [VRFC 10-307] analyzing entity beamforming_control_tb
INFO: [USF-XSim-69] 'compile' step finished in '4' seconds
INFO: [USF-XSim-99] Step results log file:'C:/EmbeddedSoftware/Beamforming/BeamForming/BeamForming.sim/sim_1/behav/xvhdl.log'
ERROR: [USF-XSim-62] 'compile' step failed with error(s). Please check the Tcl console output or 'C:/EmbeddedSoftware/Beamforming/BeamForming/BeamForming.sim/sim_1/behav/xvhdl.log' file for more information.
ERROR: [Vivado 12-4473] Detected error while running simulation. Please correct the issue and retry this operation.
launch_simulation: Time (s): cpu = 00:00:00 ; elapsed = 00:00:05 . Memory (MB): peak = 733.348 ; gain = 0.000
ERROR: [Common 17-39] 'launch_simulation' failed due to earlier errors.
launch_simulation
INFO: [SIM-utils-51] Simulation object is 'sim_1'
INFO: [USF-XSim-37] Inspecting design source files for 'beamforming_control_tb' in fileset 'sim_1'...
INFO: [USF-XSim-97] Finding global include files...
INFO: [USF-XSim-98] Fetching design files from 'sim_1'...
INFO: [USF-XSim-2] XSim::Compile design
INFO: [USF-XSim-61] Executing 'COMPILE and ANALYZE' step in 'C:/EmbeddedSoftware/Beamforming/BeamForming/BeamForming.sim/sim_1/behav'
"xvhdl -m64 --relax -prj beamforming_control_tb_vhdl.prj"
INFO: [VRFC 10-163] Analyzing VHDL file "C:/EmbeddedSoftware/Beamforming/BeamForming/BeamForming.srcs/sources_1/new/beamforming_control.vhd" into library xil_defaultlib
INFO: [VRFC 10-307] analyzing entity beamforming_control
ERROR: [VRFC 10-408] cannot convert type integer to type unsigned [C:/EmbeddedSoftware/Beamforming/BeamForming/BeamForming.srcs/sources_1/new/beamforming_control.vhd:91]
ERROR: [VRFC 10-53] unsigned is illegal in an expression [C:/EmbeddedSoftware/Beamforming/BeamForming/BeamForming.srcs/sources_1/new/beamforming_control.vhd:91]
ERROR: [VRFC 10-1083] near std_logic_vector ; type conversion expression type cannot be determined uniquely [C:/EmbeddedSoftware/Beamforming/BeamForming/BeamForming.srcs/sources_1/new/beamforming_control.vhd:91]
ERROR: [VRFC 10-1504] unit behavioral ignored due to previous errors [C:/EmbeddedSoftware/Beamforming/BeamForming/BeamForming.srcs/sources_1/new/beamforming_control.vhd:52]
INFO: [VRFC 10-240] VHDL file C:/EmbeddedSoftware/Beamforming/BeamForming/BeamForming.srcs/sources_1/new/beamforming_control.vhd ignored due to errors
INFO: [VRFC 10-163] Analyzing VHDL file "C:/EmbeddedSoftware/Beamforming/BeamForming/BeamForming.srcs/sim_1/new/beamforming_control_tb.vhd" into library xil_defaultlib
INFO: [VRFC 10-307] analyzing entity beamforming_control_tb
INFO: [USF-XSim-69] 'compile' step finished in '1' seconds
INFO: [USF-XSim-99] Step results log file:'C:/EmbeddedSoftware/Beamforming/BeamForming/BeamForming.sim/sim_1/behav/xvhdl.log'
ERROR: [USF-XSim-62] 'compile' step failed with error(s). Please check the Tcl console output or 'C:/EmbeddedSoftware/Beamforming/BeamForming/BeamForming.sim/sim_1/behav/xvhdl.log' file for more information.
ERROR: [Vivado 12-4473] Detected error while running simulation. Please correct the issue and retry this operation.
ERROR: [Common 17-39] 'launch_simulation' failed due to earlier errors.
launch_simulation
INFO: [SIM-utils-51] Simulation object is 'sim_1'
INFO: [USF-XSim-37] Inspecting design source files for 'beamforming_control_tb' in fileset 'sim_1'...
INFO: [USF-XSim-97] Finding global include files...
INFO: [USF-XSim-98] Fetching design files from 'sim_1'...
INFO: [USF-XSim-2] XSim::Compile design
INFO: [USF-XSim-61] Executing 'COMPILE and ANALYZE' step in 'C:/EmbeddedSoftware/Beamforming/BeamForming/BeamForming.sim/sim_1/behav'
"xvhdl -m64 --relax -prj beamforming_control_tb_vhdl.prj"
INFO: [VRFC 10-163] Analyzing VHDL file "C:/EmbeddedSoftware/Beamforming/BeamForming/BeamForming.srcs/sources_1/new/beamforming_control.vhd" into library xil_defaultlib
INFO: [VRFC 10-307] analyzing entity beamforming_control
ERROR: [VRFC 10-1466] type unsigned does not match with the integer literal [C:/EmbeddedSoftware/Beamforming/BeamForming/BeamForming.srcs/sources_1/new/beamforming_control.vhd:58]
ERROR: [VRFC 10-1466] type unsigned does not match with the integer literal [C:/EmbeddedSoftware/Beamforming/BeamForming/BeamForming.srcs/sources_1/new/beamforming_control.vhd:96]
ERROR: [VRFC 10-1504] unit behavioral ignored due to previous errors [C:/EmbeddedSoftware/Beamforming/BeamForming/BeamForming.srcs/sources_1/new/beamforming_control.vhd:52]
INFO: [VRFC 10-240] VHDL file C:/EmbeddedSoftware/Beamforming/BeamForming/BeamForming.srcs/sources_1/new/beamforming_control.vhd ignored due to errors
INFO: [VRFC 10-163] Analyzing VHDL file "C:/EmbeddedSoftware/Beamforming/BeamForming/BeamForming.srcs/sim_1/new/beamforming_control_tb.vhd" into library xil_defaultlib
INFO: [VRFC 10-307] analyzing entity beamforming_control_tb
INFO: [USF-XSim-69] 'compile' step finished in '1' seconds
INFO: [USF-XSim-99] Step results log file:'C:/EmbeddedSoftware/Beamforming/BeamForming/BeamForming.sim/sim_1/behav/xvhdl.log'
ERROR: [USF-XSim-62] 'compile' step failed with error(s). Please check the Tcl console output or 'C:/EmbeddedSoftware/Beamforming/BeamForming/BeamForming.sim/sim_1/behav/xvhdl.log' file for more information.
ERROR: [Vivado 12-4473] Detected error while running simulation. Please correct the issue and retry this operation.
ERROR: [Common 17-39] 'launch_simulation' failed due to earlier errors.
launch_simulation
INFO: [SIM-utils-51] Simulation object is 'sim_1'
INFO: [USF-XSim-37] Inspecting design source files for 'beamforming_control_tb' in fileset 'sim_1'...
INFO: [USF-XSim-97] Finding global include files...
INFO: [USF-XSim-98] Fetching design files from 'sim_1'...
INFO: [USF-XSim-2] XSim::Compile design
INFO: [USF-XSim-61] Executing 'COMPILE and ANALYZE' step in 'C:/EmbeddedSoftware/Beamforming/BeamForming/BeamForming.sim/sim_1/behav'
"xvhdl -m64 --relax -prj beamforming_control_tb_vhdl.prj"
INFO: [VRFC 10-163] Analyzing VHDL file "C:/EmbeddedSoftware/Beamforming/BeamForming/BeamForming.srcs/sources_1/new/beamforming_control.vhd" into library xil_defaultlib
ERROR: [VRFC 10-149] 'numerc_std_unsigned' is not compiled in library ieee [C:/EmbeddedSoftware/Beamforming/BeamForming/BeamForming.srcs/sources_1/new/beamforming_control.vhd:25]
INFO: [VRFC 10-307] analyzing entity beamforming_control
ERROR: [VRFC 10-1504] unit beamforming_control ignored due to previous errors [C:/EmbeddedSoftware/Beamforming/BeamForming/BeamForming.srcs/sources_1/new/beamforming_control.vhd:35]
INFO: [VRFC 10-240] VHDL file C:/EmbeddedSoftware/Beamforming/BeamForming/BeamForming.srcs/sources_1/new/beamforming_control.vhd ignored due to errors
INFO: [VRFC 10-163] Analyzing VHDL file "C:/EmbeddedSoftware/Beamforming/BeamForming/BeamForming.srcs/sim_1/new/beamforming_control_tb.vhd" into library xil_defaultlib
INFO: [VRFC 10-307] analyzing entity beamforming_control_tb
INFO: [USF-XSim-69] 'compile' step finished in '1' seconds
INFO: [USF-XSim-99] Step results log file:'C:/EmbeddedSoftware/Beamforming/BeamForming/BeamForming.sim/sim_1/behav/xvhdl.log'
ERROR: [USF-XSim-62] 'compile' step failed with error(s). Please check the Tcl console output or 'C:/EmbeddedSoftware/Beamforming/BeamForming/BeamForming.sim/sim_1/behav/xvhdl.log' file for more information.
ERROR: [Vivado 12-4473] Detected error while running simulation. Please correct the issue and retry this operation.
ERROR: [Common 17-39] 'launch_simulation' failed due to earlier errors.
launch_simulation
INFO: [SIM-utils-51] Simulation object is 'sim_1'
INFO: [USF-XSim-37] Inspecting design source files for 'beamforming_control_tb' in fileset 'sim_1'...
INFO: [USF-XSim-97] Finding global include files...
INFO: [USF-XSim-98] Fetching design files from 'sim_1'...
INFO: [USF-XSim-2] XSim::Compile design
INFO: [USF-XSim-61] Executing 'COMPILE and ANALYZE' step in 'C:/EmbeddedSoftware/Beamforming/BeamForming/BeamForming.sim/sim_1/behav'
"xvhdl -m64 --relax -prj beamforming_control_tb_vhdl.prj"
INFO: [VRFC 10-163] Analyzing VHDL file "C:/EmbeddedSoftware/Beamforming/BeamForming/BeamForming.srcs/sources_1/new/beamforming_control.vhd" into library xil_defaultlib
INFO: [VRFC 10-307] analyzing entity beamforming_control
ERROR: [VRFC 10-1466] type unsigned does not match with the integer literal [C:/EmbeddedSoftware/Beamforming/BeamForming/BeamForming.srcs/sources_1/new/beamforming_control.vhd:59]
ERROR: [VRFC 10-1472] type error near switch_increment ; expected type natural [C:/EmbeddedSoftware/Beamforming/BeamForming/BeamForming.srcs/sources_1/new/beamforming_control.vhd:93]
ERROR: [VRFC 10-704] formal arg has no actual or default value [C:/EmbeddedSoftware/Beamforming/BeamForming/BeamForming.srcs/sources_1/new/beamforming_control.vhd:93]
ERROR: [VRFC 10-926] indexed name prefix type unresolved_unsigned expects 1 dimensions [C:/EmbeddedSoftware/Beamforming/BeamForming/BeamForming.srcs/sources_1/new/beamforming_control.vhd:93]
ERROR: [VRFC 10-1471] type error near switch_increment ; current type unsigned; expected type natural [C:/EmbeddedSoftware/Beamforming/BeamForming/BeamForming.srcs/sources_1/new/beamforming_control.vhd:93]
ERROR: [VRFC 10-1083] near std_logic_vector ; type conversion expression type cannot be determined uniquely [C:/EmbeddedSoftware/Beamforming/BeamForming/BeamForming.srcs/sources_1/new/beamforming_control.vhd:93]
ERROR: [VRFC 10-1466] type unsigned does not match with the integer literal [C:/EmbeddedSoftware/Beamforming/BeamForming/BeamForming.srcs/sources_1/new/beamforming_control.vhd:98]
ERROR: [VRFC 10-1504] unit behavioral ignored due to previous errors [C:/EmbeddedSoftware/Beamforming/BeamForming/BeamForming.srcs/sources_1/new/beamforming_control.vhd:53]
INFO: [VRFC 10-240] VHDL file C:/EmbeddedSoftware/Beamforming/BeamForming/BeamForming.srcs/sources_1/new/beamforming_control.vhd ignored due to errors
INFO: [VRFC 10-163] Analyzing VHDL file "C:/EmbeddedSoftware/Beamforming/BeamForming/BeamForming.srcs/sim_1/new/beamforming_control_tb.vhd" into library xil_defaultlib
INFO: [VRFC 10-307] analyzing entity beamforming_control_tb
INFO: [USF-XSim-69] 'compile' step finished in '1' seconds
INFO: [USF-XSim-99] Step results log file:'C:/EmbeddedSoftware/Beamforming/BeamForming/BeamForming.sim/sim_1/behav/xvhdl.log'
ERROR: [USF-XSim-62] 'compile' step failed with error(s). Please check the Tcl console output or 'C:/EmbeddedSoftware/Beamforming/BeamForming/BeamForming.sim/sim_1/behav/xvhdl.log' file for more information.
ERROR: [Vivado 12-4473] Detected error while running simulation. Please correct the issue and retry this operation.
ERROR: [Common 17-39] 'launch_simulation' failed due to earlier errors.
launch_simulation
INFO: [SIM-utils-51] Simulation object is 'sim_1'
INFO: [USF-XSim-37] Inspecting design source files for 'beamforming_control_tb' in fileset 'sim_1'...
INFO: [USF-XSim-97] Finding global include files...
INFO: [USF-XSim-98] Fetching design files from 'sim_1'...
INFO: [USF-XSim-2] XSim::Compile design
INFO: [USF-XSim-61] Executing 'COMPILE and ANALYZE' step in 'C:/EmbeddedSoftware/Beamforming/BeamForming/BeamForming.sim/sim_1/behav'
"xvhdl -m64 --relax -prj beamforming_control_tb_vhdl.prj"
INFO: [VRFC 10-163] Analyzing VHDL file "C:/EmbeddedSoftware/Beamforming/BeamForming/BeamForming.srcs/sources_1/new/beamforming_control.vhd" into library xil_defaultlib
INFO: [VRFC 10-307] analyzing entity beamforming_control
ERROR: [VRFC 10-1261] prefix of LENGTH attribute should be an array or array (sub)type [C:/EmbeddedSoftware/Beamforming/BeamForming/BeamForming.srcs/sources_1/new/beamforming_control.vhd:93]
ERROR: [VRFC 10-1083] near std_logic_vector ; type conversion expression type cannot be determined uniquely [C:/EmbeddedSoftware/Beamforming/BeamForming/BeamForming.srcs/sources_1/new/beamforming_control.vhd:93]
ERROR: [VRFC 10-1504] unit behavioral ignored due to previous errors [C:/EmbeddedSoftware/Beamforming/BeamForming/BeamForming.srcs/sources_1/new/beamforming_control.vhd:53]
INFO: [VRFC 10-240] VHDL file C:/EmbeddedSoftware/Beamforming/BeamForming/BeamForming.srcs/sources_1/new/beamforming_control.vhd ignored due to errors
INFO: [VRFC 10-163] Analyzing VHDL file "C:/EmbeddedSoftware/Beamforming/BeamForming/BeamForming.srcs/sim_1/new/beamforming_control_tb.vhd" into library xil_defaultlib
INFO: [VRFC 10-307] analyzing entity beamforming_control_tb
INFO: [USF-XSim-69] 'compile' step finished in '2' seconds
INFO: [USF-XSim-99] Step results log file:'C:/EmbeddedSoftware/Beamforming/BeamForming/BeamForming.sim/sim_1/behav/xvhdl.log'
ERROR: [USF-XSim-62] 'compile' step failed with error(s). Please check the Tcl console output or 'C:/EmbeddedSoftware/Beamforming/BeamForming/BeamForming.sim/sim_1/behav/xvhdl.log' file for more information.
ERROR: [Vivado 12-4473] Detected error while running simulation. Please correct the issue and retry this operation.
ERROR: [Common 17-39] 'launch_simulation' failed due to earlier errors.
launch_simulation
INFO: [SIM-utils-51] Simulation object is 'sim_1'
INFO: [USF-XSim-37] Inspecting design source files for 'beamforming_control_tb' in fileset 'sim_1'...
INFO: [USF-XSim-97] Finding global include files...
INFO: [USF-XSim-98] Fetching design files from 'sim_1'...
INFO: [USF-XSim-2] XSim::Compile design
INFO: [USF-XSim-61] Executing 'COMPILE and ANALYZE' step in 'C:/EmbeddedSoftware/Beamforming/BeamForming/BeamForming.sim/sim_1/behav'
"xvhdl -m64 --relax -prj beamforming_control_tb_vhdl.prj"
INFO: [VRFC 10-163] Analyzing VHDL file "C:/EmbeddedSoftware/Beamforming/BeamForming/BeamForming.srcs/sources_1/new/beamforming_control.vhd" into library xil_defaultlib
INFO: [VRFC 10-307] analyzing entity beamforming_control
INFO: [VRFC 10-163] Analyzing VHDL file "C:/EmbeddedSoftware/Beamforming/BeamForming/BeamForming.srcs/sim_1/new/beamforming_control_tb.vhd" into library xil_defaultlib
INFO: [VRFC 10-307] analyzing entity beamforming_control_tb
INFO: [USF-XSim-69] 'compile' step finished in '1' seconds
INFO: [USF-XSim-3] XSim::Elaborate design
INFO: [USF-XSim-61] Executing 'ELABORATE' step in 'C:/EmbeddedSoftware/Beamforming/BeamForming/BeamForming.sim/sim_1/behav'
Vivado Simulator 2016.4
Copyright 1986-1999, 2001-2016 Xilinx, Inc. All Rights Reserved.
Running: C:/Xilinx/Vivado/2016.4/bin/unwrapped/win64.o/xelab.exe -wto b1315fd5c2664e3c9e741bd1bea90ed1 --debug typical --relax --mt 2 -L xil_defaultlib -L secureip --snapshot beamforming_control_tb_behav xil_defaultlib.beamforming_control_tb -log elaborate.log 
Using 2 slave threads.
Starting static elaboration
Completed static elaboration
Starting simulation data flow analysis
Completed simulation data flow analysis
Time Resolution for simulation is 1ps
Compiling package std.standard
Compiling package std.textio
Compiling package ieee.std_logic_1164
Compiling package ieee.numeric_std
Compiling architecture behavioral of entity xil_defaultlib.beamforming_control [beamforming_control_default]
Compiling architecture bench of entity xil_defaultlib.beamforming_control_tb
Built simulation snapshot beamforming_control_tb_behav

****** Webtalk v2016.4 (64-bit)
  **** SW Build 1756540 on Mon Jan 23 19:11:23 MST 2017
  **** IP Build 1755317 on Mon Jan 23 20:30:07 MST 2017
    ** Copyright 1986-2016 Xilinx, Inc. All Rights Reserved.

source C:/EmbeddedSoftware/Beamforming/BeamForming/BeamForming.sim/sim_1/behav/xsim.dir/beamforming_control_tb_behav/webtalk/xsim_webtalk.tcl -notrace
INFO: [Common 17-186] 'C:/EmbeddedSoftware/Beamforming/BeamForming/BeamForming.sim/sim_1/behav/xsim.dir/beamforming_control_tb_behav/webtalk/usage_statistics_ext_xsim.xml' has been successfully sent to Xilinx on Sun Nov 05 10:01:11 2017. For additional details about this file, please refer to the WebTalk help file at C:/Xilinx/Vivado/2016.4/doc/webtalk_introduction.html.
INFO: [Common 17-206] Exiting Webtalk at Sun Nov 05 10:01:11 2017...
run_program: Time (s): cpu = 00:00:00 ; elapsed = 00:00:50 . Memory (MB): peak = 739.328 ; gain = 0.000
INFO: [USF-XSim-69] 'elaborate' step finished in '50' seconds
INFO: [USF-XSim-4] XSim::Simulate design
INFO: [USF-XSim-61] Executing 'SIMULATE' step in 'C:/EmbeddedSoftware/Beamforming/BeamForming/BeamForming.sim/sim_1/behav'
INFO: [USF-XSim-98] *** Running xsim
   with args "beamforming_control_tb_behav -key {Behavioral:sim_1:Functional:beamforming_control_tb} -tclbatch {beamforming_control_tb.tcl} -log {simulate.log}"
INFO: [USF-XSim-8] Loading simulator feature
Vivado Simulator 2016.4
Time resolution is 1 ps
source beamforming_control_tb.tcl
# set curr_wave [current_wave_config]
# if { [string length $curr_wave] == 0 } {
#   if { [llength [get_objects]] > 0} {
#     add_wave /
#     set_property needs_save false [current_wave_config]
#   } else {
#      send_msg_id Add_Wave-1 WARNING "No top level signals found. Simulator will start without a wave window. If you want to open a wave window go to 'File->New Waveform Configuration' or type 'create_wave_config' in the TCL console."
#   }
# }
# run 1000ns
INFO: [USF-XSim-96] XSim completed. Design snapshot 'beamforming_control_tb_behav' loaded.
INFO: [USF-XSim-97] XSim simulation ran for 1000ns
launch_simulation: Time (s): cpu = 00:00:03 ; elapsed = 00:00:55 . Memory (MB): peak = 739.328 ; gain = 0.000
run all
run 10 ms
close_sim
INFO: [Simtcl 6-16] Simulation closed
launch_simulation
INFO: [SIM-utils-51] Simulation object is 'sim_1'
INFO: [USF-XSim-37] Inspecting design source files for 'beamforming_control_tb' in fileset 'sim_1'...
INFO: [USF-XSim-97] Finding global include files...
INFO: [USF-XSim-98] Fetching design files from 'sim_1'...
INFO: [USF-XSim-2] XSim::Compile design
INFO: [USF-XSim-61] Executing 'COMPILE and ANALYZE' step in 'C:/EmbeddedSoftware/Beamforming/BeamForming/BeamForming.sim/sim_1/behav'
"xvhdl -m64 --relax -prj beamforming_control_tb_vhdl.prj"
INFO: [VRFC 10-163] Analyzing VHDL file "C:/EmbeddedSoftware/Beamforming/BeamForming/BeamForming.srcs/sources_1/new/beamforming_control.vhd" into library xil_defaultlib
INFO: [VRFC 10-307] analyzing entity beamforming_control
INFO: [VRFC 10-163] Analyzing VHDL file "C:/EmbeddedSoftware/Beamforming/BeamForming/BeamForming.srcs/sim_1/new/beamforming_control_tb.vhd" into library xil_defaultlib
INFO: [VRFC 10-307] analyzing entity beamforming_control_tb
INFO: [USF-XSim-69] 'compile' step finished in '1' seconds
INFO: [USF-XSim-3] XSim::Elaborate design
INFO: [USF-XSim-61] Executing 'ELABORATE' step in 'C:/EmbeddedSoftware/Beamforming/BeamForming/BeamForming.sim/sim_1/behav'
Vivado Simulator 2016.4
Copyright 1986-1999, 2001-2016 Xilinx, Inc. All Rights Reserved.
Running: C:/Xilinx/Vivado/2016.4/bin/unwrapped/win64.o/xelab.exe -wto b1315fd5c2664e3c9e741bd1bea90ed1 --debug typical --relax --mt 2 -L xil_defaultlib -L secureip --snapshot beamforming_control_tb_behav xil_defaultlib.beamforming_control_tb -log elaborate.log 
Using 2 slave threads.
Starting static elaboration
Completed static elaboration
Starting simulation data flow analysis
Completed simulation data flow analysis
Time Resolution for simulation is 1ps
Compiling package std.standard
Compiling package std.textio
Compiling package ieee.std_logic_1164
Compiling package ieee.numeric_std
Compiling architecture behavioral of entity xil_defaultlib.beamforming_control [beamforming_control_default]
Compiling architecture bench of entity xil_defaultlib.beamforming_control_tb
Built simulation snapshot beamforming_control_tb_behav

****** Webtalk v2016.4 (64-bit)
  **** SW Build 1756540 on Mon Jan 23 19:11:23 MST 2017
  **** IP Build 1755317 on Mon Jan 23 20:30:07 MST 2017
    ** Copyright 1986-2016 Xilinx, Inc. All Rights Reserved.

source C:/EmbeddedSoftware/Beamforming/BeamForming/BeamForming.sim/sim_1/behav/xsim.dir/beamforming_control_tb_behav/webtalk/xsim_webtalk.tcl -notrace
INFO: [Common 17-186] 'C:/EmbeddedSoftware/Beamforming/BeamForming/BeamForming.sim/sim_1/behav/xsim.dir/beamforming_control_tb_behav/webtalk/usage_statistics_ext_xsim.xml' has been successfully sent to Xilinx on Sun Nov 05 10:04:05 2017. For additional details about this file, please refer to the WebTalk help file at C:/Xilinx/Vivado/2016.4/doc/webtalk_introduction.html.
INFO: [Common 17-206] Exiting Webtalk at Sun Nov 05 10:04:05 2017...
INFO: [USF-XSim-69] 'elaborate' step finished in '4' seconds
INFO: [USF-XSim-4] XSim::Simulate design
INFO: [USF-XSim-61] Executing 'SIMULATE' step in 'C:/EmbeddedSoftware/Beamforming/BeamForming/BeamForming.sim/sim_1/behav'
INFO: [USF-XSim-98] *** Running xsim
   with args "beamforming_control_tb_behav -key {Behavioral:sim_1:Functional:beamforming_control_tb} -tclbatch {beamforming_control_tb.tcl} -log {simulate.log}"
INFO: [USF-XSim-8] Loading simulator feature
Vivado Simulator 2016.4
Time resolution is 1 ps
source beamforming_control_tb.tcl
# set curr_wave [current_wave_config]
# if { [string length $curr_wave] == 0 } {
#   if { [llength [get_objects]] > 0} {
#     add_wave /
#     set_property needs_save false [current_wave_config]
#   } else {
#      send_msg_id Add_Wave-1 WARNING "No top level signals found. Simulator will start without a wave window. If you want to open a wave window go to 'File->New Waveform Configuration' or type 'create_wave_config' in the TCL console."
#   }
# }
# run 1000ns
INFO: [USF-XSim-96] XSim completed. Design snapshot 'beamforming_control_tb_behav' loaded.
INFO: [USF-XSim-97] XSim simulation ran for 1000ns
launch_simulation: Time (s): cpu = 00:00:02 ; elapsed = 00:00:06 . Memory (MB): peak = 774.188 ; gain = 0.000
run 10 ms
run 10 ms
run 10 ms
close_sim
INFO: [Simtcl 6-16] Simulation closed
launch_simulation
INFO: [SIM-utils-51] Simulation object is 'sim_1'
INFO: [USF-XSim-37] Inspecting design source files for 'beamforming_control_tb' in fileset 'sim_1'...
INFO: [USF-XSim-97] Finding global include files...
INFO: [USF-XSim-98] Fetching design files from 'sim_1'...
INFO: [USF-XSim-2] XSim::Compile design
INFO: [USF-XSim-61] Executing 'COMPILE and ANALYZE' step in 'C:/EmbeddedSoftware/Beamforming/BeamForming/BeamForming.sim/sim_1/behav'
"xvhdl -m64 --relax -prj beamforming_control_tb_vhdl.prj"
INFO: [VRFC 10-163] Analyzing VHDL file "C:/EmbeddedSoftware/Beamforming/BeamForming/BeamForming.srcs/sources_1/new/beamforming_control.vhd" into library xil_defaultlib
INFO: [VRFC 10-307] analyzing entity beamforming_control
INFO: [VRFC 10-163] Analyzing VHDL file "C:/EmbeddedSoftware/Beamforming/BeamForming/BeamForming.srcs/sim_1/new/beamforming_control_tb.vhd" into library xil_defaultlib
INFO: [VRFC 10-307] analyzing entity beamforming_control_tb
ERROR: [VRFC 10-1412] syntax error near stop_the_clock [C:/EmbeddedSoftware/Beamforming/BeamForming/BeamForming.srcs/sim_1/new/beamforming_control_tb.vhd:60]
ERROR: [VRFC 10-1504] unit bench ignored due to previous errors [C:/EmbeddedSoftware/Beamforming/BeamForming/BeamForming.srcs/sim_1/new/beamforming_control_tb.vhd:9]
INFO: [VRFC 10-240] VHDL file C:/EmbeddedSoftware/Beamforming/BeamForming/BeamForming.srcs/sim_1/new/beamforming_control_tb.vhd ignored due to errors
INFO: [USF-XSim-69] 'compile' step finished in '1' seconds
INFO: [USF-XSim-99] Step results log file:'C:/EmbeddedSoftware/Beamforming/BeamForming/BeamForming.sim/sim_1/behav/xvhdl.log'
ERROR: [USF-XSim-62] 'compile' step failed with error(s). Please check the Tcl console output or 'C:/EmbeddedSoftware/Beamforming/BeamForming/BeamForming.sim/sim_1/behav/xvhdl.log' file for more information.
ERROR: [Vivado 12-4473] Detected error while running simulation. Please correct the issue and retry this operation.
ERROR: [Common 17-39] 'launch_simulation' failed due to earlier errors.
launch_simulation
INFO: [SIM-utils-51] Simulation object is 'sim_1'
INFO: [USF-XSim-37] Inspecting design source files for 'beamforming_control_tb' in fileset 'sim_1'...
INFO: [USF-XSim-97] Finding global include files...
INFO: [USF-XSim-98] Fetching design files from 'sim_1'...
INFO: [USF-XSim-2] XSim::Compile design
INFO: [USF-XSim-61] Executing 'COMPILE and ANALYZE' step in 'C:/EmbeddedSoftware/Beamforming/BeamForming/BeamForming.sim/sim_1/behav'
"xvhdl -m64 --relax -prj beamforming_control_tb_vhdl.prj"
INFO: [VRFC 10-163] Analyzing VHDL file "C:/EmbeddedSoftware/Beamforming/BeamForming/BeamForming.srcs/sources_1/new/beamforming_control.vhd" into library xil_defaultlib
INFO: [VRFC 10-307] analyzing entity beamforming_control
INFO: [VRFC 10-163] Analyzing VHDL file "C:/EmbeddedSoftware/Beamforming/BeamForming/BeamForming.srcs/sim_1/new/beamforming_control_tb.vhd" into library xil_defaultlib
INFO: [VRFC 10-307] analyzing entity beamforming_control_tb
INFO: [USF-XSim-69] 'compile' step finished in '1' seconds
INFO: [USF-XSim-3] XSim::Elaborate design
INFO: [USF-XSim-61] Executing 'ELABORATE' step in 'C:/EmbeddedSoftware/Beamforming/BeamForming/BeamForming.sim/sim_1/behav'
Vivado Simulator 2016.4
Copyright 1986-1999, 2001-2016 Xilinx, Inc. All Rights Reserved.
Running: C:/Xilinx/Vivado/2016.4/bin/unwrapped/win64.o/xelab.exe -wto b1315fd5c2664e3c9e741bd1bea90ed1 --debug typical --relax --mt 2 -L xil_defaultlib -L secureip --snapshot beamforming_control_tb_behav xil_defaultlib.beamforming_control_tb -log elaborate.log 
Using 2 slave threads.
Starting static elaboration
Completed static elaboration
Starting simulation data flow analysis
Completed simulation data flow analysis
Time Resolution for simulation is 1ps
Compiling package std.standard
Compiling package std.textio
Compiling package ieee.std_logic_1164
Compiling package ieee.numeric_std
Compiling architecture behavioral of entity xil_defaultlib.beamforming_control [beamforming_control_default]
Compiling architecture bench of entity xil_defaultlib.beamforming_control_tb
Built simulation snapshot beamforming_control_tb_behav

****** Webtalk v2016.4 (64-bit)
  **** SW Build 1756540 on Mon Jan 23 19:11:23 MST 2017
  **** IP Build 1755317 on Mon Jan 23 20:30:07 MST 2017
    ** Copyright 1986-2016 Xilinx, Inc. All Rights Reserved.

source C:/EmbeddedSoftware/Beamforming/BeamForming/BeamForming.sim/sim_1/behav/xsim.dir/beamforming_control_tb_behav/webtalk/xsim_webtalk.tcl -notrace
INFO: [Common 17-186] 'C:/EmbeddedSoftware/Beamforming/BeamForming/BeamForming.sim/sim_1/behav/xsim.dir/beamforming_control_tb_behav/webtalk/usage_statistics_ext_xsim.xml' has been successfully sent to Xilinx on Sun Nov 05 10:06:25 2017. For additional details about this file, please refer to the WebTalk help file at C:/Xilinx/Vivado/2016.4/doc/webtalk_introduction.html.
INFO: [Common 17-206] Exiting Webtalk at Sun Nov 05 10:06:25 2017...
run_program: Time (s): cpu = 00:00:00 ; elapsed = 00:00:06 . Memory (MB): peak = 777.738 ; gain = 0.000
INFO: [USF-XSim-69] 'elaborate' step finished in '6' seconds
INFO: [USF-XSim-4] XSim::Simulate design
INFO: [USF-XSim-61] Executing 'SIMULATE' step in 'C:/EmbeddedSoftware/Beamforming/BeamForming/BeamForming.sim/sim_1/behav'
INFO: [USF-XSim-98] *** Running xsim
   with args "beamforming_control_tb_behav -key {Behavioral:sim_1:Functional:beamforming_control_tb} -tclbatch {beamforming_control_tb.tcl} -log {simulate.log}"
INFO: [USF-XSim-8] Loading simulator feature
Vivado Simulator 2016.4
Time resolution is 1 ps
source beamforming_control_tb.tcl
# set curr_wave [current_wave_config]
# if { [string length $curr_wave] == 0 } {
#   if { [llength [get_objects]] > 0} {
#     add_wave /
#     set_property needs_save false [current_wave_config]
#   } else {
#      send_msg_id Add_Wave-1 WARNING "No top level signals found. Simulator will start without a wave window. If you want to open a wave window go to 'File->New Waveform Configuration' or type 'create_wave_config' in the TCL console."
#   }
# }
# run 1000ns
INFO: [USF-XSim-96] XSim completed. Design snapshot 'beamforming_control_tb_behav' loaded.
INFO: [USF-XSim-97] XSim simulation ran for 1000ns
launch_simulation: Time (s): cpu = 00:00:01 ; elapsed = 00:00:09 . Memory (MB): peak = 777.738 ; gain = 0.000
close_sim
INFO: [Simtcl 6-16] Simulation closed
close_sim: Time (s): cpu = 00:00:00 ; elapsed = 00:00:05 . Memory (MB): peak = 777.738 ; gain = 0.000
launch_simulation
INFO: [SIM-utils-51] Simulation object is 'sim_1'
INFO: [USF-XSim-37] Inspecting design source files for 'beamforming_control_tb' in fileset 'sim_1'...
INFO: [USF-XSim-97] Finding global include files...
INFO: [USF-XSim-98] Fetching design files from 'sim_1'...
INFO: [USF-XSim-2] XSim::Compile design
INFO: [USF-XSim-61] Executing 'COMPILE and ANALYZE' step in 'C:/EmbeddedSoftware/Beamforming/BeamForming/BeamForming.sim/sim_1/behav'
"xvhdl -m64 --relax -prj beamforming_control_tb_vhdl.prj"
INFO: [VRFC 10-163] Analyzing VHDL file "C:/EmbeddedSoftware/Beamforming/BeamForming/BeamForming.srcs/sources_1/new/beamforming_control.vhd" into library xil_defaultlib
INFO: [VRFC 10-307] analyzing entity beamforming_control
INFO: [VRFC 10-163] Analyzing VHDL file "C:/EmbeddedSoftware/Beamforming/BeamForming/BeamForming.srcs/sim_1/new/beamforming_control_tb.vhd" into library xil_defaultlib
INFO: [VRFC 10-307] analyzing entity beamforming_control_tb
INFO: [USF-XSim-69] 'compile' step finished in '1' seconds
INFO: [USF-XSim-3] XSim::Elaborate design
INFO: [USF-XSim-61] Executing 'ELABORATE' step in 'C:/EmbeddedSoftware/Beamforming/BeamForming/BeamForming.sim/sim_1/behav'
Vivado Simulator 2016.4
Copyright 1986-1999, 2001-2016 Xilinx, Inc. All Rights Reserved.
Running: C:/Xilinx/Vivado/2016.4/bin/unwrapped/win64.o/xelab.exe -wto b1315fd5c2664e3c9e741bd1bea90ed1 --debug typical --relax --mt 2 -L xil_defaultlib -L secureip --snapshot beamforming_control_tb_behav xil_defaultlib.beamforming_control_tb -log elaborate.log 
Using 2 slave threads.
Starting static elaboration
Completed static elaboration
Starting simulation data flow analysis
Completed simulation data flow analysis
Time Resolution for simulation is 1ps
Compiling package std.standard
Compiling package std.textio
Compiling package ieee.std_logic_1164
Compiling package ieee.numeric_std
Compiling architecture behavioral of entity xil_defaultlib.beamforming_control [beamforming_control_default]
Compiling architecture bench of entity xil_defaultlib.beamforming_control_tb
Built simulation snapshot beamforming_control_tb_behav

****** Webtalk v2016.4 (64-bit)
  **** SW Build 1756540 on Mon Jan 23 19:11:23 MST 2017
  **** IP Build 1755317 on Mon Jan 23 20:30:07 MST 2017
    ** Copyright 1986-2016 Xilinx, Inc. All Rights Reserved.

source C:/EmbeddedSoftware/Beamforming/BeamForming/BeamForming.sim/sim_1/behav/xsim.dir/beamforming_control_tb_behav/webtalk/xsim_webtalk.tcl -notrace
INFO: [Common 17-186] 'C:/EmbeddedSoftware/Beamforming/BeamForming/BeamForming.sim/sim_1/behav/xsim.dir/beamforming_control_tb_behav/webtalk/usage_statistics_ext_xsim.xml' has been successfully sent to Xilinx on Sun Nov 05 10:11:26 2017. For additional details about this file, please refer to the WebTalk help file at C:/Xilinx/Vivado/2016.4/doc/webtalk_introduction.html.
INFO: [Common 17-206] Exiting Webtalk at Sun Nov 05 10:11:26 2017...
run_program: Time (s): cpu = 00:00:00 ; elapsed = 00:00:05 . Memory (MB): peak = 777.738 ; gain = 0.000
INFO: [USF-XSim-69] 'elaborate' step finished in '6' seconds
INFO: [USF-XSim-4] XSim::Simulate design
INFO: [USF-XSim-61] Executing 'SIMULATE' step in 'C:/EmbeddedSoftware/Beamforming/BeamForming/BeamForming.sim/sim_1/behav'
INFO: [USF-XSim-98] *** Running xsim
   with args "beamforming_control_tb_behav -key {Behavioral:sim_1:Functional:beamforming_control_tb} -tclbatch {beamforming_control_tb.tcl} -log {simulate.log}"
INFO: [USF-XSim-8] Loading simulator feature
Vivado Simulator 2016.4
Time resolution is 1 ps
source beamforming_control_tb.tcl
# set curr_wave [current_wave_config]
# if { [string length $curr_wave] == 0 } {
#   if { [llength [get_objects]] > 0} {
#     add_wave /
#     set_property needs_save false [current_wave_config]
#   } else {
#      send_msg_id Add_Wave-1 WARNING "No top level signals found. Simulator will start without a wave window. If you want to open a wave window go to 'File->New Waveform Configuration' or type 'create_wave_config' in the TCL console."
#   }
# }
# run 1000ns
INFO: [USF-XSim-96] XSim completed. Design snapshot 'beamforming_control_tb_behav' loaded.
INFO: [USF-XSim-97] XSim simulation ran for 1000ns
launch_simulation: Time (s): cpu = 00:00:02 ; elapsed = 00:00:08 . Memory (MB): peak = 777.738 ; gain = 0.000
close_sim
INFO: [Simtcl 6-16] Simulation closed
close_sim: Time (s): cpu = 00:00:00 ; elapsed = 00:00:26 . Memory (MB): peak = 797.848 ; gain = 0.000
exit
INFO: [Common 17-206] Exiting Vivado at Sun Nov 05 21:02:47 2017...
