#-----------------------------------------------------------
# Vivado v2016.4 (64-bit)
# SW Build 1756540 on Mon Jan 23 19:11:23 MST 2017
# IP Build 1755317 on Mon Jan 23 20:30:07 MST 2017
# Start of session at: Wed Nov 01 09:58:17 2017
# Process ID: 9456
# Current directory: C:/EmbeddedSoftware/Beamforming/BeamForming
# Command line: vivado.exe -gui_launcher_event rodinguilauncherevent224 C:\EmbeddedSoftware\Beamforming\BeamForming\BeamForming.xpr
# Log file: C:/EmbeddedSoftware/Beamforming/BeamForming/vivado.log
# Journal file: C:/EmbeddedSoftware/Beamforming/BeamForming\vivado.jou
#-----------------------------------------------------------
start_gui
open_project C:/EmbeddedSoftware/Beamforming/BeamForming/BeamForming.xpr
Scanning sources...
Finished scanning sources
INFO: [IP_Flow 19-234] Refreshing IP repositories
INFO: [IP_Flow 19-1704] No user IP repositories specified
INFO: [IP_Flow 19-2313] Loaded Vivado IP repository 'C:/Xilinx/Vivado/2016.4/data/ip'.
open_project: Time (s): cpu = 00:00:08 ; elapsed = 00:00:19 . Memory (MB): peak = 722.355 ; gain = 115.250
remove_files  C:/EmbeddedSoftware/Beamforming/BeamForming/BeamForming.srcs/sources_1/new/freq_trig.vhd
file delete -force C:/EmbeddedSoftware/Beamforming/BeamForming/BeamForming.srcs/sources_1/new/freq_trig.vhd
open_bd_design {C:/EmbeddedSoftware/Beamforming/BeamForming/BeamForming.srcs/sources_1/bd/beamforming/beamforming.bd}
Adding cell -- xilinx.com:ip:processing_system7:5.5 - processing_system7_0
Successfully read diagram <beamforming> from BD file <C:/EmbeddedSoftware/Beamforming/BeamForming/BeamForming.srcs/sources_1/bd/beamforming/beamforming.bd>
open_bd_design: Time (s): cpu = 00:00:09 ; elapsed = 00:00:11 . Memory (MB): peak = 787.574 ; gain = 41.867
close_bd_design [get_bd_designs beamforming]
close [ open C:/EmbeddedSoftware/Beamforming/BeamForming/BeamForming.srcs/sources_1/new/beamforming_control.vhd w ]
add_files C:/EmbeddedSoftware/Beamforming/BeamForming/BeamForming.srcs/sources_1/new/beamforming_control.vhd
update_compile_order -fileset sources_1
update_compile_order -fileset sim_1
remove_files  C:/EmbeddedSoftware/Beamforming/BeamForming/BeamForming.srcs/sources_1/bd/beamforming/beamforming.bd
file delete -force C:/EmbeddedSoftware/Beamforming/BeamForming/BeamForming.srcs/sources_1/bd/beamforming
exit
INFO: [Common 17-206] Exiting Vivado at Wed Nov 01 22:50:50 2017...
